Temp/gradleOut/launcher/build/intermediates/manifest_merge_blame_file/release/manifest-merger-blame-release-report.txt
1<?xml version="1.0" encoding="utf-8"?>
2<!-- GENERATED BY UNITY. REMOVE THIS COMMENT TO PREVENT OVERWRITING WHEN EXPORTING AGAIN -->
3<manifest xmlns:android="http://schemas.android.com/apk/res/android"
4    package="com.DefaultCompany.match3Prueba"
5    android:installLocation="preferExternal"
6    android:versionCode="1"
7    android:versionName="1.0" >
8
9    <uses-sdk
10        android:minSdkVersion="19"
10-->src\main\AndroidManifest.xml
11        android:targetSdkVersion="30" />
11-->src\main\AndroidManifest.xml
12
13    <supports-screens
13-->src\main\AndroidManifest.xml:4:3-163
14        android:anyDensity="true"
14-->src\main\AndroidManifest.xml:4:135-160
15        android:largeScreens="true"
15-->src\main\AndroidManifest.xml:4:78-105
16        android:normalScreens="true"
16-->src\main\AndroidManifest.xml:4:49-77
17        android:smallScreens="true"
17-->src\main\AndroidManifest.xml:4:21-48
18        android:xlargeScreens="true" />
18-->src\main\AndroidManifest.xml:4:106-134
19
20    <uses-feature android:glEsVersion="0x00020000" />
20-->[:unityLibrary] AndroidManifest.xml:13:5-54
20-->[:unityLibrary] AndroidManifest.xml:13:19-51
21    <uses-feature
21-->[:unityLibrary] AndroidManifest.xml:14:5-16:36
22        android:name="android.hardware.touchscreen"
22-->[:unityLibrary] AndroidManifest.xml:15:9-52
23        android:required="false" />
23-->[:unityLibrary] AndroidManifest.xml:16:9-33
24    <uses-feature
24-->[:unityLibrary] AndroidManifest.xml:17:5-19:36
25        android:name="android.hardware.touchscreen.multitouch"
25-->[:unityLibrary] AndroidManifest.xml:18:9-63
26        android:required="false" />
26-->[:unityLibrary] AndroidManifest.xml:19:9-33
27    <uses-feature
27-->[:unityLibrary] AndroidManifest.xml:20:5-22:36
28        android:name="android.hardware.touchscreen.multitouch.distinct"
28-->[:unityLibrary] AndroidManifest.xml:21:9-72
29        android:required="false" />
29-->[:unityLibrary] AndroidManifest.xml:22:9-33
30
31    <application
31-->src\main\AndroidManifest.xml:5:3-154
32        android:banner="@drawable/app_banner"
32-->src\main\AndroidManifest.xml:5:114-151
33        android:extractNativeLibs="true"
33-->src\main\AndroidManifest.xml:5:16-48
34        android:icon="@mipmap/app_icon"
34-->src\main\AndroidManifest.xml:5:82-113
35        android:isGame="true"
35-->[:unityLibrary] AndroidManifest.xml:24:18-39
36        android:label="@string/app_name" >
36-->src\main\AndroidManifest.xml:5:49-81
37        <activity
37-->[:unityLibrary] AndroidManifest.xml:25:9-46:20
38            android:name="com.unity3d.player.UnityPlayerActivity"
38-->[:unityLibrary] AndroidManifest.xml:26:13-66
39            android:configChanges="mcc|mnc|locale|touchscreen|keyboard|keyboardHidden|navigation|orientation|screenLayout|uiMode|screenSize|smallestScreenSize|fontScale|layoutDirection|density"
39-->[:unityLibrary] AndroidManifest.xml:27:13-194
40            android:hardwareAccelerated="false"
40-->[:unityLibrary] AndroidManifest.xml:28:13-48
41            android:launchMode="singleTask"
41-->[:unityLibrary] AndroidManifest.xml:29:13-44
42            android:resizeableActivity="false"
42-->[:unityLibrary] AndroidManifest.xml:30:13-47
43            android:screenOrientation="portrait"
43-->[:unityLibrary] AndroidManifest.xml:31:13-49
44            android:theme="@style/UnityThemeSelector" >
44-->[:unityLibrary] AndroidManifest.xml:32:13-54
45            <intent-filter>
45-->[:unityLibrary] AndroidManifest.xml:33:13-38:29
46                <action android:name="android.intent.action.MAIN" />
46-->[:unityLibrary] AndroidManifest.xml:34:17-69
46-->[:unityLibrary] AndroidManifest.xml:34:25-66
47
48                <category android:name="android.intent.category.LAUNCHER" />
48-->[:unityLibrary] AndroidManifest.xml:36:17-77
48-->[:unityLibrary] AndroidManifest.xml:36:27-74
49                <category android:name="android.intent.category.LEANBACK_LAUNCHER" />
49-->[:unityLibrary] AndroidManifest.xml:37:17-86
49-->[:unityLibrary] AndroidManifest.xml:37:27-83
50            </intent-filter>
51
52            <meta-data
52-->[:unityLibrary] AndroidManifest.xml:40:13-42:40
53                android:name="unityplayer.UnityActivity"
53-->[:unityLibrary] AndroidManifest.xml:41:17-57
54                android:value="true" />
54-->[:unityLibrary] AndroidManifest.xml:42:17-37
55            <meta-data
55-->[:unityLibrary] AndroidManifest.xml:43:13-45:40
56                android:name="android.notch_support"
56-->[:unityLibrary] AndroidManifest.xml:44:17-53
57                android:value="true" />
57-->[:unityLibrary] AndroidManifest.xml:45:17-37
58        </activity>
59
60        <meta-data
60-->[:unityLibrary] AndroidManifest.xml:48:9-50:33
61            android:name="unity.splash-mode"
61-->[:unityLibrary] AndroidManifest.xml:49:13-45
62            android:value="0" />
62-->[:unityLibrary] AndroidManifest.xml:50:13-30
63        <meta-data
63-->[:unityLibrary] AndroidManifest.xml:51:9-53:36
64            android:name="unity.splash-enable"
64-->[:unityLibrary] AndroidManifest.xml:52:13-47
65            android:value="True" />
65-->[:unityLibrary] AndroidManifest.xml:53:13-33
66        <meta-data
66-->[:unityLibrary] AndroidManifest.xml:54:9-56:37
67            android:name="unity.allow-resizable-window"
67-->[:unityLibrary] AndroidManifest.xml:55:13-56
68            android:value="False" />
68-->[:unityLibrary] AndroidManifest.xml:56:13-34
69        <meta-data
69-->[:unityLibrary] AndroidManifest.xml:57:9-59:50
70            android:name="notch.config"
70-->[:unityLibrary] AndroidManifest.xml:58:13-40
71            android:value="portrait|landscape" />
71-->[:unityLibrary] AndroidManifest.xml:59:13-47
72        <meta-data
72-->[:unityLibrary] AndroidManifest.xml:60:9-62:68
73            android:name="unity.build-id"
73-->[:unityLibrary] AndroidManifest.xml:61:13-42
74            android:value="2fc60ac8-cfc1-4339-a198-c9cac2ec7c1c" />
74-->[:unityLibrary] AndroidManifest.xml:62:13-65
75    </application>
76
77</manifest>